# JRE version: Java(TM) SE Runtime Environment (8.0_191-b12) (build 1.8.0_191-b12)
# Java VM: Java HotSpot(TM) Client VM (25.191-b12 mixed mode windows-x86 )
Heap:
 def new generation   total 157248K, used 142957K [0x05000000, 0x0faa0000, 0x0faa0000)
  eden space 139776K, 100% used [0x05000000, 0x0d880000, 0x0d880000)
  from space 17472K,  18% used [0x0e990000, 0x0ecab728, 0x0faa0000)
  to   space 17472K,   0% used [0x0d880000, 0x0d880000, 0x0e990000)
 tenured generation   total 349568K, used 336082K [0x0faa0000, 0x25000000, 0x25000000)
   the space 349568K,  96% used [0x0faa0000, 0x242d4a30, 0x242d4c00, 0x25000000)
 Metaspace       used 25511K, capacity 26057K, committed 26112K, reserved 27008K
GC Heap History (10 events):
Event: 6666.524 GC heap before
{Heap before GC invocations=75 (full 5):
 def new generation   total 112128K, used 100008K [0x05000000, 0x0c9a0000, 0x0faa0000)
  eden space 99712K, 100% used [0x05000000, 0x0b160000, 0x0b160000)
  from space 12416K,   2% used [0x0bd80000, 0x0bdca000, 0x0c9a0000)
  to   space 12416K,   0% used [0x0b160000, 0x0b160000, 0x0bd80000)
 tenured generation   total 248968K, used 221792K [0x0faa0000, 0x1edc2000, 0x25000000)
   the space 248968K,  89% used [0x0faa0000, 0x1d3381a8, 0x1d338200, 0x1edc2000)
 Metaspace       used 25439K, capacity 25966K, committed 26112K, reserved 27008K
Event: 6667.278 GC heap after
Heap after GC invocations=76 (full 6):
 def new generation   total 157248K, used 8961K [0x05000000, 0x0faa0000, 0x0faa0000)
  eden space 139776K,   6% used [0x05000000, 0x058c0670, 0x0d880000)
  from space 17472K,   0% used [0x0d880000, 0x0d880000, 0x0e990000)
  to   space 17472K,   0% used [0x0e990000, 0x0e990000, 0x0faa0000)
 tenured generation   total 349568K, used 265594K [0x0faa0000, 0x25000000, 0x25000000)
   the space 349568K,  75% used [0x0faa0000, 0x1fdfe808, 0x1fdfea00, 0x25000000)
 Metaspace       used 25433K, capacity 25958K, committed 26112K, reserved 27008K
}
Event: 6672.628 GC heap before
{Heap before GC invocations=76 (full 6):
 def new generation   total 157248K, used 139776K [0x05000000, 0x0faa0000, 0x0faa0000)
  eden space 139776K, 100% used [0x05000000, 0x0d880000, 0x0d880000)
  from space 17472K,   0% used [0x0d880000, 0x0d880000, 0x0e990000)
  to   space 17472K,   0% used [0x0e990000, 0x0e990000, 0x0faa0000)
 tenured generation   total 349568K, used 265594K [0x0faa0000, 0x25000000, 0x25000000)
   the space 349568K,  75% used [0x0faa0000, 0x1fdfe808, 0x1fdfea00, 0x25000000)
 Metaspace       used 25435K, capacity 25958K, committed 26112K, reserved 27008K
Event: 6672.920 GC heap after
Heap after GC invocations=77 (full 6):
 def new generation   total 157248K, used 17472K [0x05000000, 0x0faa0000, 0x0faa0000)
  eden space 139776K,   0% used [0x05000000, 0x05000000, 0x0d880000)
  from space 17472K, 100% used [0x0e990000, 0x0faa0000, 0x0faa0000)
  to   space 17472K,   0% used [0x0d880000, 0x0d880000, 0x0e990000)
 tenured generation   total 349568K, used 318943K [0x0faa0000, 0x25000000, 0x25000000)
   the space 349568K,  91% used [0x0faa0000, 0x23217d88, 0x23217e00, 0x25000000)
 Metaspace       used 25435K, capacity 25958K, committed 26112K, reserved 27008K
}
Event: 6678.875 GC heap before
{Heap before GC invocations=77 (full 6):
 def new generation   total 157248K, used 149887K [0x05000000, 0x0faa0000, 0x0faa0000)
  eden space 139776K,  94% used [0x05000000, 0x0d14fe20, 0x0d880000)
  from space 17472K, 100% used [0x0e990000, 0x0faa0000, 0x0faa0000)
  to   space 17472K,   0% used [0x0d880000, 0x0d880000, 0x0e990000)
 tenured generation   total 349568K, used 318943K [0x0faa0000, 0x25000000, 0x25000000)
   the space 349568K,  91% used [0x0faa0000, 0x23217d88, 0x23217e00, 0x25000000)
 Metaspace       used 25435K, capacity 25958K, committed 26112K, reserved 27008K
Event: 6679.653 GC heap after
Heap after GC invocations=78 (full 7):
 def new generation   total 157248K, used 11948K [0x05000000, 0x0faa0000, 0x0faa0000)
  eden space 139776K,   8% used [0x05000000, 0x05bab178, 0x0d880000)
  from space 17472K,   0% used [0x0e990000, 0x0e990000, 0x0faa0000)
  to   space 17472K,   0% used [0x0d880000, 0x0d880000, 0x0e990000)
 tenured generation   total 349568K, used 349568K [0x0faa0000, 0x25000000, 0x25000000)
   the space 349568K, 100% used [0x0faa0000, 0x25000000, 0x25000000, 0x25000000)
 Metaspace       used 25435K, capacity 25958K, committed 26112K, reserved 27008K
}
Event: 6683.222 GC heap before
{Heap before GC invocations=78 (full 7):
 def new generation   total 157248K, used 151502K [0x05000000, 0x0faa0000, 0x0faa0000)
  eden space 139776K, 100% used [0x05000000, 0x0d880000, 0x0d880000)
  from space 17472K,  67% used [0x0e990000, 0x0f503b08, 0x0faa0000)
  to   space 17472K,   0% used [0x0d880000, 0x0d880000, 0x0e990000)
 tenured generation   total 349568K, used 349568K [0x0faa0000, 0x25000000, 0x25000000)
   the space 349568K, 100% used [0x0faa0000, 0x25000000, 0x25000000, 0x25000000)
 Metaspace       used 25436K, capacity 25958K, committed 26112K, reserved 27008K
Event: 6684.386 GC heap after
Heap after GC invocations=79 (full 8):
 def new generation   total 157248K, used 30323K [0x05000000, 0x0faa0000, 0x0faa0000)
  eden space 139776K,  21% used [0x05000000, 0x06d9ce70, 0x0d880000)
  from space 17472K,   0% used [0x0e990000, 0x0e990000, 0x0faa0000)
  to   space 17472K,   0% used [0x0d880000, 0x0d880000, 0x0e990000)
 tenured generation   total 349568K, used 345316K [0x0faa0000, 0x25000000, 0x25000000)
   the space 349568K,  98% used [0x0faa0000, 0x24bd93c0, 0x24bd9400, 0x25000000)
 Metaspace       used 25436K, capacity 25958K, committed 26112K, reserved 27008K
}
Event: 6685.754 GC heap before
{Heap before GC invocations=79 (full 8):
 def new generation   total 157248K, used 157248K [0x05000000, 0x0faa0000, 0x0faa0000)
  eden space 139776K, 100% used [0x05000000, 0x0d880000, 0x0d880000)
  from space 17472K, 100% used [0x0e990000, 0x0faa0000, 0x0faa0000)
  to   space 17472K,   0% used [0x0d880000, 0x0d880000, 0x0e990000)
 tenured generation   total 349568K, used 349567K [0x0faa0000, 0x25000000, 0x25000000)
   the space 349568K,  99% used [0x0faa0000, 0x24ffff90, 0x25000000, 0x25000000)
 Metaspace       used 25511K, capacity 26057K, committed 26112K, reserved 27008K
Event: 6686.893 GC heap after
Heap after GC invocations=80 (full 9):
 def new generation   total 157248K, used 88475K [0x05000000, 0x0faa0000, 0x0faa0000)
  eden space 139776K,  63% used [0x05000000, 0x0a666d98, 0x0d880000)
  from space 17472K,   0% used [0x0e990000, 0x0e990000, 0x0faa0000)
  to   space 17472K,   0% used [0x0d880000, 0x0d880000, 0x0e990000)
 tenured generation   total 349568K, used 336082K [0x0faa0000, 0x25000000, 0x25000000)
   the space 349568K,  96% used [0x0faa0000, 0x242d4a30, 0x242d4c00, 0x25000000)
 Metaspace       used 25511K, capacity 26057K, committed 26112K, reserved 27008K
}

